<?xml version="1.0" encoding="UTF-8"?>
<!-- Generated by org.testng.reporters.JUnitReportReporter -->
<testsuite skipped="0" hostname="Rishu-PC" name="testpages.VerifyToastMessage" tests="1" failures="0" timestamp="2020-07-13T17:09:10 IST" time="44.736" errors="0">
  <testcase name="VerifyToast" time="44.736" classname="testpages.VerifyToastMessage"/>
  <system-out/>
</testsuite> <!-- testpages.VerifyToastMessage -->
