<?xml version="1.0" encoding="UTF-8"?>
<!-- Generated by org.testng.reporters.JUnitReportReporter -->
<testsuite skipped="0" hostname="Rishu-PC" name="testpages.ValidatingTotalAmount" tests="2" failures="0" timestamp="2020-07-13T21:36:16 IST" time="138.615" errors="0">
  <testcase name="ValidateAmount" time="82.274" classname="testpages.ValidatingTotalAmount"/>
  <system-out/>
  <testcase name="ValidateAmount" time="56.341" classname="testpages.ValidatingTotalAmount"/>
  <system-out/>
</testsuite> <!-- testpages.ValidatingTotalAmount -->
